<?xml version="1.0" encoding="UTF-8"?>
<!-- Generated by org.testng.reporters.JUnitReportReporter -->
<testsuite hostname="DESKTOP-NJSP2A4" failures="0" tests="1" name="TestScripts.CreateUserTest" time="7.545" errors="0" timestamp="25 Jun 2024 14:30:45 GMT" skipped="0">
  <testcase classname="TestScripts.CreateUserTest" name="createUser" time="7.545"/>
</testsuite> <!-- TestScripts.CreateUserTest -->
