<?xml version="1.0" encoding="UTF-8"?>
<!-- Generated by org.testng.reporters.JUnitReportReporter -->
<testsuite hostname="DESKTOP-NJSP2A4" failures="0" tests="1" name="TestScripts.ValidLoginTest" time="1.856" errors="0" timestamp="25 Jun 2024 14:23:19 GMT" skipped="0">
  <testcase classname="TestScripts.ValidLoginTest" name="login" time="1.856"/>
</testsuite> <!-- TestScripts.ValidLoginTest -->
