<?xml version="1.0" encoding="UTF-8"?>
<!-- Generated by org.testng.reporters.JUnitReportReporter -->
<testsuite hostname="DESKTOP-NJSP2A4" failures="0" tests="1" name="TestScripts.CreateProjectAndCustomerTest" time="9.034" errors="0" timestamp="25 Jun 2024 15:07:28 GMT" skipped="0">
  <testcase classname="TestScripts.CreateProjectAndCustomerTest" name="createCustomerAndProject" time="9.034"/>
</testsuite> <!-- TestScripts.CreateProjectAndCustomerTest -->
